This is pdfTeX, Version 3.141592653-2.6-1.40.26 (TeX Live 2024) (preloaded format=pdflatex 2024.8.7)  11 AUG 2024 20:34
entering extended mode
 restricted \write18 enabled.
 file:line:error style messages enabled.
 %&-line parsing enabled.
**/Users/leontagle/Documents/TESIS/Github/Literature/main
(/Users/leontagle/Documents/TESIS/Github/Literature/main.tex
LaTeX2e <2023-11-01> patch level 1
L3 programming layer <2024-02-20>
(/usr/local/texlive/2024/texmf-dist/tex/latex/base/article.cls
Document Class: article 2023/05/17 v1.4n Standard LaTeX document class
(/usr/local/texlive/2024/texmf-dist/tex/latex/base/size10.clo
File: size10.clo 2023/05/17 v1.4n Standard LaTeX file (size option)
)
\c@part=\count188
\c@section=\count189
\c@subsection=\count190
\c@subsubsection=\count191
\c@paragraph=\count192
\c@subparagraph=\count193
\c@figure=\count194
\c@table=\count195
\abovecaptionskip=\skip48
\belowcaptionskip=\skip49
\bibindent=\dimen140
) (/usr/local/texlive/2024/texmf-dist/tex/latex/graphics/graphicx.sty
Package: graphicx 2021/09/16 v1.2d Enhanced LaTeX Graphics (DPC,SPQR)
 (/usr/local/texlive/2024/texmf-dist/tex/latex/graphics/keyval.sty
Package: keyval 2022/05/29 v1.15 key=value parser (DPC)
\KV@toks@=\toks17
) (/usr/local/texlive/2024/texmf-dist/tex/latex/graphics/graphics.sty
Package: graphics 2022/03/10 v1.4e Standard LaTeX Graphics (DPC,SPQR)
 (/usr/local/texlive/2024/texmf-dist/tex/latex/graphics/trig.sty
Package: trig 2021/08/11 v1.11 sin cos tan (DPC)
) (/usr/local/texlive/2024/texmf-dist/tex/latex/graphics-cfg/graphics.cfg
File: graphics.cfg 2016/06/04 v1.11 sample graphics configuration
)
Package graphics Info: Driver file: pdftex.def on input line 107.
 (/usr/local/texlive/2024/texmf-dist/tex/latex/graphics-def/pdftex.def
File: pdftex.def 2022/09/22 v1.2b Graphics/color driver for pdftex
))
\Gin@req@height=\dimen141
\Gin@req@width=\dimen142
) (/usr/local/texlive/2024/texmf-dist/tex/latex/amsmath/amsmath.sty
Package: amsmath 2023/05/13 v2.17o AMS math features
\@mathmargin=\skip50

For additional information on amsmath, use the `?' option.
(/usr/local/texlive/2024/texmf-dist/tex/latex/amsmath/amstext.sty
Package: amstext 2021/08/26 v2.01 AMS text
 (/usr/local/texlive/2024/texmf-dist/tex/latex/amsmath/amsgen.sty
File: amsgen.sty 1999/11/30 v2.0 generic functions
\@emptytoks=\toks18
\ex@=\dimen143
)) (/usr/local/texlive/2024/texmf-dist/tex/latex/amsmath/amsbsy.sty
Package: amsbsy 1999/11/29 v1.2d Bold Symbols
\pmbraise@=\dimen144
) (/usr/local/texlive/2024/texmf-dist/tex/latex/amsmath/amsopn.sty
Package: amsopn 2022/04/08 v2.04 operator names
)
\inf@bad=\count196
LaTeX Info: Redefining \frac on input line 234.
\uproot@=\count197
\leftroot@=\count198
LaTeX Info: Redefining \overline on input line 399.
LaTeX Info: Redefining \colon on input line 410.
\classnum@=\count199
\DOTSCASE@=\count266
LaTeX Info: Redefining \ldots on input line 496.
LaTeX Info: Redefining \dots on input line 499.
LaTeX Info: Redefining \cdots on input line 620.
\Mathstrutbox@=\box51
\strutbox@=\box52
LaTeX Info: Redefining \big on input line 722.
LaTeX Info: Redefining \Big on input line 723.
LaTeX Info: Redefining \bigg on input line 724.
LaTeX Info: Redefining \Bigg on input line 725.
\big@size=\dimen145
LaTeX Font Info:    Redeclaring font encoding OML on input line 743.
LaTeX Font Info:    Redeclaring font encoding OMS on input line 744.
\macc@depth=\count267
LaTeX Info: Redefining \bmod on input line 905.
LaTeX Info: Redefining \pmod on input line 910.
LaTeX Info: Redefining \smash on input line 940.
LaTeX Info: Redefining \relbar on input line 970.
LaTeX Info: Redefining \Relbar on input line 971.
\c@MaxMatrixCols=\count268
\dotsspace@=\muskip16
\c@parentequation=\count269
\dspbrk@lvl=\count270
\tag@help=\toks19
\row@=\count271
\column@=\count272
\maxfields@=\count273
\andhelp@=\toks20
\eqnshift@=\dimen146
\alignsep@=\dimen147
\tagshift@=\dimen148
\tagwidth@=\dimen149
\totwidth@=\dimen150
\lineht@=\dimen151
\@envbody=\toks21
\multlinegap=\skip51
\multlinetaggap=\skip52
\mathdisplay@stack=\toks22
LaTeX Info: Redefining \[ on input line 2953.
LaTeX Info: Redefining \] on input line 2954.
) (/usr/local/texlive/2024/texmf-dist/tex/latex/amsfonts/amssymb.sty
Package: amssymb 2013/01/14 v3.01 AMS font symbols
 (/usr/local/texlive/2024/texmf-dist/tex/latex/amsfonts/amsfonts.sty
Package: amsfonts 2013/01/14 v3.01 Basic AMSFonts support
\symAMSa=\mathgroup4
\symAMSb=\mathgroup5
LaTeX Font Info:    Redeclaring math symbol \hbar on input line 98.
LaTeX Font Info:    Overwriting math alphabet `\mathfrak' in version `bold'
(Font)                  U/euf/m/n --> U/euf/b/n on input line 106.
)) (/usr/local/texlive/2024/texmf-dist/tex/latex/bbm-macros/bbm.sty
Package: bbm 1999/03/15 V 1.2 provides fonts for set symbols - TH
LaTeX Font Info:    Overwriting math alphabet `\mathbbm' in version `bold'
(Font)                  U/bbm/m/n --> U/bbm/bx/n on input line 33.
LaTeX Font Info:    Overwriting math alphabet `\mathbbmss' in version `bold'
(Font)                  U/bbmss/m/n --> U/bbmss/bx/n on input line 35.
) (/usr/local/texlive/2024/texmf-dist/tex/latex/cancel/cancel.sty
Package: cancel 2013/04/12 v2.2 Cancel math terms
) (/usr/local/texlive/2024/texmf-dist/tex/latex/enumitem/enumitem.sty
Package: enumitem 2019/06/20 v3.9 Customized lists
\labelindent=\skip53
\enit@outerparindent=\dimen152
\enit@toks=\toks23
\enit@inbox=\box53
\enit@count@id=\count274
\enitdp@description=\count275
) (/usr/local/texlive/2024/texmf-dist/tex/latex/apacite/apacite.sty
Package: apacite 2013/07/21 v6.03 APA citation
\c@BibCnt=\count276
\bibleftmargin=\skip54
\bibindent=\skip55
\bibparsep=\skip56
\bibitemsep=\skip57
\biblabelsep=\skip58
) (/usr/local/texlive/2024/texmf-dist/tex/latex/l3backend/l3backend-pdftex.def
File: l3backend-pdftex.def 2024-02-20 L3 backend support: PDF output (pdfTeX)
\l__color_backend_stack_int=\count277
\l__pdf_internal_box=\box54
) (./main.aux)
\openout1 = `main.aux'.

LaTeX Font Info:    Checking defaults for OML/cmm/m/it on input line 14.
LaTeX Font Info:    ... okay on input line 14.
LaTeX Font Info:    Checking defaults for OMS/cmsy/m/n on input line 14.
LaTeX Font Info:    ... okay on input line 14.
LaTeX Font Info:    Checking defaults for OT1/cmr/m/n on input line 14.
LaTeX Font Info:    ... okay on input line 14.
LaTeX Font Info:    Checking defaults for T1/cmr/m/n on input line 14.
LaTeX Font Info:    ... okay on input line 14.
LaTeX Font Info:    Checking defaults for TS1/cmr/m/n on input line 14.
LaTeX Font Info:    ... okay on input line 14.
LaTeX Font Info:    Checking defaults for OMX/cmex/m/n on input line 14.
LaTeX Font Info:    ... okay on input line 14.
LaTeX Font Info:    Checking defaults for U/cmr/m/n on input line 14.
LaTeX Font Info:    ... okay on input line 14.
 (/usr/local/texlive/2024/texmf-dist/tex/context/base/mkii/supp-pdf.mkii
[Loading MPS to PDF converter (version 2006.09.02).]
\scratchcounter=\count278
\scratchdimen=\dimen153
\scratchbox=\box55
\nofMPsegments=\count279
\nofMParguments=\count280
\everyMPshowfont=\toks24
\MPscratchCnt=\count281
\MPscratchDim=\dimen154
\MPnumerator=\count282
\makeMPintoPDFobject=\count283
\everyMPtoPDFconversion=\toks25
) (/usr/local/texlive/2024/texmf-dist/tex/latex/epstopdf-pkg/epstopdf-base.sty
Package: epstopdf-base 2020-01-24 v2.11 Base part for package epstopdf
Package epstopdf-base Info: Redefining graphics rule for `.eps' on input line 485.
 (/usr/local/texlive/2024/texmf-dist/tex/latex/latexconfig/epstopdf-sys.cfg
File: epstopdf-sys.cfg 2010/07/13 v1.3 Configuration of (r)epstopdf for TeX Live
))
\c@maskedRefs=\count284
 (/usr/local/texlive/2024/texmf-dist/tex/latex/apacite/english.apc
File: english.apc 2013/07/21 v6.03 apacite language file
LaTeX Info: Redefining \BPBI on input line 129.
LaTeX Info: Redefining \BHBI on input line 130.
)
LaTeX Font Info:    Trying to load font information for U+msa on input line 16.
 (/usr/local/texlive/2024/texmf-dist/tex/latex/amsfonts/umsa.fd
File: umsa.fd 2013/01/14 v3.01 AMS symbols A
)
LaTeX Font Info:    Trying to load font information for U+msb on input line 16.
 (/usr/local/texlive/2024/texmf-dist/tex/latex/amsfonts/umsb.fd
File: umsb.fd 2013/01/14 v3.01 AMS symbols B
) [1

{/usr/local/texlive/2024/texmf-var/fonts/map/pdftex/updmap/pdftex.map}] [2] (./main.bbl
Overfull \hbox (31.74696pt too wide) in paragraph at lines 47--66
\OT1/cmtt/m/n/10 https://www.sciencedirect.com/science/article/pii/S0167268115000891
 []


Underfull \hbox (badness 6047) in paragraph at lines 47--66
\OT1/cmr/m/n/10 (Ex-per-i-men-tal and Be-hav-ioral Eco-nomics of Health-care)  doi:
 []


Underfull \hbox (badness 2269) in paragraph at lines 112--127
[]\OT1/cmr/m/n/10 Clemens, J., & Got-tlieb, J. D.  (2014, April).  Do physi-cians' fi-
 []


Underfull \hbox (badness 5388) in paragraph at lines 112--127
\OT1/cmr/m/n/10 nan-cial in-cen-tives af-fect med-i-cal treat-ment and pa-tient health?
 []


Underfull \hbox (badness 1968) in paragraph at lines 112--127
\OT1/cmr/m/it/10 Amer-i-can Eco-nomic Re-view\OT1/cmr/m/n/10 , \OT1/cmr/m/it/10 104\OT1/cmr/m/n/10 (4), 1320--1349.  Re-trieved from
 []


Underfull \hbox (badness 10000) in paragraph at lines 112--127
\OT1/cmtt/m/n/10 https://www.aeaweb.org/articles?id=10.1257/aer.104.4.1320
 []


Underfull \hbox (badness 4913) in paragraph at lines 139--153
[]\OT1/cmr/m/n/10 Crea, G.  (2019).  Physi-cian al-tru-ism and moral haz-ard: (no)
 []


Underfull \hbox (badness 10000) in paragraph at lines 139--153
\OT1/cmr/m/n/10 ev-i-dence from finnish na-tional pre-scrip-tions data.  \OT1/cmr/m/it/10 Jour-
 []


Underfull \hbox (badness 10000) in paragraph at lines 139--153
\OT1/cmr/m/it/10 nal of Health Eco-nomics\OT1/cmr/m/n/10 , \OT1/cmr/m/it/10 65\OT1/cmr/m/n/10 , 153--169.  Re-trieved from
 []


Overfull \hbox (31.74696pt too wide) in paragraph at lines 139--153
\OT1/cmtt/m/n/10 https://www.sciencedirect.com/science/article/pii/S0167629617307348
 []


Underfull \hbox (badness 2903) in paragraph at lines 167--182
\OT1/cmr/m/n/10 fit? ex-plor-ing the het-ero-gene-ity in physi-cian al-tru-ism.  \OT1/cmr/m/it/10 Jour-
 []


Underfull \hbox (badness 5460) in paragraph at lines 167--182
\OT1/cmr/m/it/10 nal of Health Eco-nomics\OT1/cmr/m/n/10 , \OT1/cmr/m/it/10 32\OT1/cmr/m/n/10 (6), 1105--1116.  Re-trieved from
 []


Overfull \hbox (31.74696pt too wide) in paragraph at lines 167--182
\OT1/cmtt/m/n/10 https://www.sciencedirect.com/science/article/pii/S0167629613001070
 []


Underfull \hbox (badness 5316) in paragraph at lines 196--212
\OT1/cmr/m/n/10 af-fect physi-cians' pro-vi-sion be-haviour|an ex-per-i-men-tal in-ves-ti-ga-
 []


Overfull \hbox (31.74696pt too wide) in paragraph at lines 196--212
\OT1/cmtt/m/n/10 https://www.sciencedirect.com/science/article/pii/S0167629611000452
 []


Underfull \hbox (badness 4303) in paragraph at lines 226--241
[]\OT1/cmr/m/n/10 Hennig-Schmidt, H., & Wiesen, D.  (2014).  Other-regarding be-
 []


Underfull \hbox (badness 10000) in paragraph at lines 226--241
\OT1/cmr/m/n/10 hav-ior and mo-ti-va-tion in health care pro-vi-sion: An ex-
 []


Underfull \hbox (badness 10000) in paragraph at lines 226--241
\OT1/cmr/m/n/10 per-i-ment with med-i-cal and non-medical stu-dents.  \OT1/cmr/m/it/10 So-
 []


Underfull \hbox (badness 10000) in paragraph at lines 226--241
\OT1/cmr/m/it/10 cial Sci-ence & Medicine\OT1/cmr/m/n/10 , \OT1/cmr/m/it/10 108\OT1/cmr/m/n/10 , 156--165.  Re-trieved from
 []


Overfull \hbox (31.74696pt too wide) in paragraph at lines 226--241
\OT1/cmtt/m/n/10 https://www.sciencedirect.com/science/article/pii/S0277953614001622
 []


Overfull \hbox (31.74696pt too wide) in paragraph at lines 255--270
\OT1/cmtt/m/n/10 https://www.sciencedirect.com/science/article/pii/S0047272705000290
 []

[3]
Underfull \hbox (badness 2088) in paragraph at lines 284--300
\OT1/cmr/m/n/10 and physi-cian be-hav-ior: Homo oe-co-nomi-cus or homo hip-po-crati-
 []


Overfull \hbox (31.74696pt too wide) in paragraph at lines 284--300
\OT1/cmtt/m/n/10 https://www.sciencedirect.com/science/article/pii/S0047272715001449
 []

) [4] (./main.aux)
 ***********
LaTeX2e <2023-11-01> patch level 1
L3 programming layer <2024-02-20>
 ***********
 ) 
Here is how much of TeX's memory you used:
 3447 strings out of 474116
 50497 string characters out of 5743683
 1934187 words of memory out of 5000000
 25782 multiletter control sequences out of 15000+600000
 565831 words of font info for 67 fonts, out of 8000000 for 9000
 1141 hyphenation exceptions out of 8191
 57i,9n,65p,1281b,232s stack positions out of 10000i,1000n,20000p,200000b,200000s
</usr/local/texlive/2024/texmf-dist/fonts/type1/public/amsfonts/cm/cmbx12.pfb></usr/local/texlive/2024/texmf-dist/fonts/type1/public/amsfonts/cm/cmex10.pfb></usr/local/texlive/2024/texmf-dist/fonts/type1/public/amsfonts/cm/cmmi10.pfb></usr/local/texlive/2024/texmf-dist/fonts/type1/public/amsfonts/cm/cmmi7.pfb></usr/local/texlive/2024/texmf-dist/fonts/type1/public/amsfonts/cm/cmr10.pfb></usr/local/texlive/2024/texmf-dist/fonts/type1/public/amsfonts/cm/cmr12.pfb></usr/local/texlive/2024/texmf-dist/fonts/type1/public/amsfonts/cm/cmr17.pfb></usr/local/texlive/2024/texmf-dist/fonts/type1/public/amsfonts/cm/cmr7.pfb></usr/local/texlive/2024/texmf-dist/fonts/type1/public/amsfonts/cm/cmsy10.pfb></usr/local/texlive/2024/texmf-dist/fonts/type1/public/amsfonts/cm/cmti10.pfb></usr/local/texlive/2024/texmf-dist/fonts/type1/public/amsfonts/cm/cmtt10.pfb></usr/local/texlive/2024/texmf-dist/fonts/type1/public/amsfonts/symbols/msbm10.pfb>
Output written on main.pdf (4 pages, 144913 bytes).
PDF statistics:
 77 PDF objects out of 1000 (max. 8388607)
 46 compressed objects within 1 object stream
 0 named destinations out of 1000 (max. 500000)
 1 words of extra memory for PDF output out of 10000 (max. 10000000)

